<?xml version="1.0" encoding="UTF-8"?>
<!-- Generated by org.testng.reporters.JUnitReportReporter -->
<testsuite hostname="INGNBHLP01129" failures="0" tests="1" name="tests.EndToEndTest" time="23.227" errors="0" timestamp="2024-10-22T16:38:07 IST" skipped="0">
  <testcase classname="tests.EndToEndTest" name="test" time="23.227"/>
</testsuite> <!-- tests.EndToEndTest -->
