<?xml version="1.0" encoding="UTF-8"?>
<!-- Generated by org.testng.reporters.JUnitReportReporter -->
<testsuite hostname="INGNBHLP01129" failures="0" tests="1" name="tests.EndToEndTest" time="9.819" errors="0" timestamp="2024-10-22T16:35:06 IST" skipped="0">
  <testcase classname="tests.EndToEndTest" name="test" time="9.819"/>
</testsuite> <!-- tests.EndToEndTest -->
